<?xml version="1.0" encoding="UTF-8"?>
<testng-results skipped="5" failed="0" ignored="1" total="6" passed="0">
  <reporter-output>
  </reporter-output>
  <suite name="Default suite" duration-ms="64" started-at="2019-03-06T14:37:42Z" finished-at="2019-03-06T14:37:42Z">
    <groups>
    </groups>
    <test name="Default test" duration-ms="64" started-at="2019-03-06T14:37:42Z" finished-at="2019-03-06T14:37:42Z">
      <class name="Resources.BasicMavenReport">
        <test-method status="FAIL" signature="startReport(java.lang.String, java.lang.String)[pri:0, instance:Resources.BasicMavenReport@3aeaafa6]" name="startReport" is-config="true" duration-ms="0" started-at="2019-03-06T20:07:42Z" finished-at="2019-03-06T20:07:42Z">
          <exception class="org.testng.TestNGException">
            <message>
              <![CDATA[Parameter 'OS' is required by BeforeTest on method startReport but has not been marked @Optional or definedin C:\Users\hema\AppData\Local\Temp\testng-eclipse--281981194\testng-customsuite.xml]]>
            </message>
            <full-stacktrace>
              <![CDATA[org.testng.TestNGException: Parameter 'OS' is required by BeforeTest on method startReport but has not been marked @Optional or definedin C:\Users\hema\AppData\Local\Temp\testng-eclipse--281981194\testng-customsuite.xmlat org.testng.internal.Parameters.createParams(Parameters.java:290)at org.testng.internal.Parameters.createParametersForMethod(Parameters.java:359)at org.testng.internal.Parameters.createParameters(Parameters.java:620)at org.testng.internal.Parameters.createConfigurationParameters(Parameters.java:190)at org.testng.internal.Invoker.invokeConfigurations(Invoker.java:209)at org.testng.internal.Invoker.invokeConfigurations(Invoker.java:142)at org.testng.TestRunner.beforeRun(TestRunner.java:529)at org.testng.TestRunner.run(TestRunner.java:497)at org.testng.SuiteRunner.runTest(SuiteRunner.java:455)at org.testng.SuiteRunner.runSequentially(SuiteRunner.java:450)at org.testng.SuiteRunner.privateRun(SuiteRunner.java:415)at org.testng.SuiteRunner.run(SuiteRunner.java:364)at org.testng.SuiteRunnerWorker.runSuite(SuiteRunnerWorker.java:52)at org.testng.SuiteRunnerWorker.run(SuiteRunnerWorker.java:84)at org.testng.TestNG.runSuitesSequentially(TestNG.java:1187)at org.testng.TestNG.runSuitesLocally(TestNG.java:1116)at org.testng.TestNG.runSuites(TestNG.java:1028)at org.testng.TestNG.run(TestNG.java:996)at org.testng.remote.AbstractRemoteTestNG.run(AbstractRemoteTestNG.java:114)at org.testng.remote.RemoteTestNG.initAndRun(RemoteTestNG.java:251)at org.testng.remote.RemoteTestNG.main(RemoteTestNG.java:77)]]>
            </full-stacktrace>
          </exception> <!-- org.testng.TestNGException -->
          <reporter-output>
          </reporter-output>
        </test-method> <!-- startReport -->
        <test-method status="SKIP" signature="testCase1()[pri:0, instance:Resources.BasicMavenReport@3aeaafa6]" name="testCase1" duration-ms="0" started-at="2019-03-06T20:07:42Z" finished-at="2019-03-06T20:07:42Z">
          <exception class="org.testng.TestNGException">
            <message>
              <![CDATA[Parameter 'OS' is required by BeforeTest on method startReport but has not been marked @Optional or definedin C:\Users\hema\AppData\Local\Temp\testng-eclipse--281981194\testng-customsuite.xml]]>
            </message>
            <full-stacktrace>
              <![CDATA[org.testng.TestNGException: Parameter 'OS' is required by BeforeTest on method startReport but has not been marked @Optional or definedin C:\Users\hema\AppData\Local\Temp\testng-eclipse--281981194\testng-customsuite.xmlat org.testng.internal.Parameters.createParams(Parameters.java:290)at org.testng.internal.Parameters.createParametersForMethod(Parameters.java:359)at org.testng.internal.Parameters.createParameters(Parameters.java:620)at org.testng.internal.Parameters.createConfigurationParameters(Parameters.java:190)at org.testng.internal.Invoker.invokeConfigurations(Invoker.java:209)at org.testng.internal.Invoker.invokeConfigurations(Invoker.java:142)at org.testng.TestRunner.beforeRun(TestRunner.java:529)at org.testng.TestRunner.run(TestRunner.java:497)at org.testng.SuiteRunner.runTest(SuiteRunner.java:455)at org.testng.SuiteRunner.runSequentially(SuiteRunner.java:450)at org.testng.SuiteRunner.privateRun(SuiteRunner.java:415)at org.testng.SuiteRunner.run(SuiteRunner.java:364)at org.testng.SuiteRunnerWorker.runSuite(SuiteRunnerWorker.java:52)at org.testng.SuiteRunnerWorker.run(SuiteRunnerWorker.java:84)at org.testng.TestNG.runSuitesSequentially(TestNG.java:1187)at org.testng.TestNG.runSuitesLocally(TestNG.java:1116)at org.testng.TestNG.runSuites(TestNG.java:1028)at org.testng.TestNG.run(TestNG.java:996)at org.testng.remote.AbstractRemoteTestNG.run(AbstractRemoteTestNG.java:114)at org.testng.remote.RemoteTestNG.initAndRun(RemoteTestNG.java:251)at org.testng.remote.RemoteTestNG.main(RemoteTestNG.java:77)]]>
            </full-stacktrace>
          </exception> <!-- org.testng.TestNGException -->
          <reporter-output>
          </reporter-output>
        </test-method> <!-- testCase1 -->
        <test-method status="SKIP" signature="getResult(org.testng.ITestResult)[pri:0, instance:Resources.BasicMavenReport@3aeaafa6]" name="getResult" is-config="true" duration-ms="0" started-at="2019-03-06T20:07:42Z" finished-at="2019-03-06T20:07:42Z">
          <reporter-output>
          </reporter-output>
        </test-method> <!-- getResult -->
        <test-method status="SKIP" signature="testCase2()[pri:0, instance:Resources.BasicMavenReport@3aeaafa6]" name="testCase2" duration-ms="0" started-at="2019-03-06T20:07:42Z" finished-at="2019-03-06T20:07:42Z">
          <exception class="org.testng.TestNGException">
            <message>
              <![CDATA[Parameter 'OS' is required by BeforeTest on method startReport but has not been marked @Optional or definedin C:\Users\hema\AppData\Local\Temp\testng-eclipse--281981194\testng-customsuite.xml]]>
            </message>
            <full-stacktrace>
              <![CDATA[org.testng.TestNGException: Parameter 'OS' is required by BeforeTest on method startReport but has not been marked @Optional or definedin C:\Users\hema\AppData\Local\Temp\testng-eclipse--281981194\testng-customsuite.xmlat org.testng.internal.Parameters.createParams(Parameters.java:290)at org.testng.internal.Parameters.createParametersForMethod(Parameters.java:359)at org.testng.internal.Parameters.createParameters(Parameters.java:620)at org.testng.internal.Parameters.createConfigurationParameters(Parameters.java:190)at org.testng.internal.Invoker.invokeConfigurations(Invoker.java:209)at org.testng.internal.Invoker.invokeConfigurations(Invoker.java:142)at org.testng.TestRunner.beforeRun(TestRunner.java:529)at org.testng.TestRunner.run(TestRunner.java:497)at org.testng.SuiteRunner.runTest(SuiteRunner.java:455)at org.testng.SuiteRunner.runSequentially(SuiteRunner.java:450)at org.testng.SuiteRunner.privateRun(SuiteRunner.java:415)at org.testng.SuiteRunner.run(SuiteRunner.java:364)at org.testng.SuiteRunnerWorker.runSuite(SuiteRunnerWorker.java:52)at org.testng.SuiteRunnerWorker.run(SuiteRunnerWorker.java:84)at org.testng.TestNG.runSuitesSequentially(TestNG.java:1187)at org.testng.TestNG.runSuitesLocally(TestNG.java:1116)at org.testng.TestNG.runSuites(TestNG.java:1028)at org.testng.TestNG.run(TestNG.java:996)at org.testng.remote.AbstractRemoteTestNG.run(AbstractRemoteTestNG.java:114)at org.testng.remote.RemoteTestNG.initAndRun(RemoteTestNG.java:251)at org.testng.remote.RemoteTestNG.main(RemoteTestNG.java:77)]]>
            </full-stacktrace>
          </exception> <!-- org.testng.TestNGException -->
          <reporter-output>
          </reporter-output>
        </test-method> <!-- testCase2 -->
        <test-method status="SKIP" signature="getResult(org.testng.ITestResult)[pri:0, instance:Resources.BasicMavenReport@3aeaafa6]" name="getResult" is-config="true" duration-ms="0" started-at="2019-03-06T20:07:42Z" finished-at="2019-03-06T20:07:42Z">
          <reporter-output>
          </reporter-output>
        </test-method> <!-- getResult -->
        <test-method status="SKIP" signature="testCase3()[pri:0, instance:Resources.BasicMavenReport@3aeaafa6]" name="testCase3" duration-ms="0" started-at="2019-03-06T20:07:42Z" finished-at="2019-03-06T20:07:42Z">
          <exception class="org.testng.TestNGException">
            <message>
              <![CDATA[Parameter 'OS' is required by BeforeTest on method startReport but has not been marked @Optional or definedin C:\Users\hema\AppData\Local\Temp\testng-eclipse--281981194\testng-customsuite.xml]]>
            </message>
            <full-stacktrace>
              <![CDATA[org.testng.TestNGException: Parameter 'OS' is required by BeforeTest on method startReport but has not been marked @Optional or definedin C:\Users\hema\AppData\Local\Temp\testng-eclipse--281981194\testng-customsuite.xmlat org.testng.internal.Parameters.createParams(Parameters.java:290)at org.testng.internal.Parameters.createParametersForMethod(Parameters.java:359)at org.testng.internal.Parameters.createParameters(Parameters.java:620)at org.testng.internal.Parameters.createConfigurationParameters(Parameters.java:190)at org.testng.internal.Invoker.invokeConfigurations(Invoker.java:209)at org.testng.internal.Invoker.invokeConfigurations(Invoker.java:142)at org.testng.TestRunner.beforeRun(TestRunner.java:529)at org.testng.TestRunner.run(TestRunner.java:497)at org.testng.SuiteRunner.runTest(SuiteRunner.java:455)at org.testng.SuiteRunner.runSequentially(SuiteRunner.java:450)at org.testng.SuiteRunner.privateRun(SuiteRunner.java:415)at org.testng.SuiteRunner.run(SuiteRunner.java:364)at org.testng.SuiteRunnerWorker.runSuite(SuiteRunnerWorker.java:52)at org.testng.SuiteRunnerWorker.run(SuiteRunnerWorker.java:84)at org.testng.TestNG.runSuitesSequentially(TestNG.java:1187)at org.testng.TestNG.runSuitesLocally(TestNG.java:1116)at org.testng.TestNG.runSuites(TestNG.java:1028)at org.testng.TestNG.run(TestNG.java:996)at org.testng.remote.AbstractRemoteTestNG.run(AbstractRemoteTestNG.java:114)at org.testng.remote.RemoteTestNG.initAndRun(RemoteTestNG.java:251)at org.testng.remote.RemoteTestNG.main(RemoteTestNG.java:77)]]>
            </full-stacktrace>
          </exception> <!-- org.testng.TestNGException -->
          <reporter-output>
          </reporter-output>
        </test-method> <!-- testCase3 -->
        <test-method status="SKIP" signature="getResult(org.testng.ITestResult)[pri:0, instance:Resources.BasicMavenReport@3aeaafa6]" name="getResult" is-config="true" duration-ms="0" started-at="2019-03-06T20:07:42Z" finished-at="2019-03-06T20:07:42Z">
          <reporter-output>
          </reporter-output>
        </test-method> <!-- getResult -->
        <test-method status="SKIP" signature="testCase4()[pri:0, instance:Resources.BasicMavenReport@3aeaafa6]" name="testCase4" duration-ms="0" started-at="2019-03-06T20:07:42Z" finished-at="2019-03-06T20:07:42Z">
          <exception class="org.testng.TestNGException">
            <message>
              <![CDATA[Parameter 'OS' is required by BeforeTest on method startReport but has not been marked @Optional or definedin C:\Users\hema\AppData\Local\Temp\testng-eclipse--281981194\testng-customsuite.xml]]>
            </message>
            <full-stacktrace>
              <![CDATA[org.testng.TestNGException: Parameter 'OS' is required by BeforeTest on method startReport but has not been marked @Optional or definedin C:\Users\hema\AppData\Local\Temp\testng-eclipse--281981194\testng-customsuite.xmlat org.testng.internal.Parameters.createParams(Parameters.java:290)at org.testng.internal.Parameters.createParametersForMethod(Parameters.java:359)at org.testng.internal.Parameters.createParameters(Parameters.java:620)at org.testng.internal.Parameters.createConfigurationParameters(Parameters.java:190)at org.testng.internal.Invoker.invokeConfigurations(Invoker.java:209)at org.testng.internal.Invoker.invokeConfigurations(Invoker.java:142)at org.testng.TestRunner.beforeRun(TestRunner.java:529)at org.testng.TestRunner.run(TestRunner.java:497)at org.testng.SuiteRunner.runTest(SuiteRunner.java:455)at org.testng.SuiteRunner.runSequentially(SuiteRunner.java:450)at org.testng.SuiteRunner.privateRun(SuiteRunner.java:415)at org.testng.SuiteRunner.run(SuiteRunner.java:364)at org.testng.SuiteRunnerWorker.runSuite(SuiteRunnerWorker.java:52)at org.testng.SuiteRunnerWorker.run(SuiteRunnerWorker.java:84)at org.testng.TestNG.runSuitesSequentially(TestNG.java:1187)at org.testng.TestNG.runSuitesLocally(TestNG.java:1116)at org.testng.TestNG.runSuites(TestNG.java:1028)at org.testng.TestNG.run(TestNG.java:996)at org.testng.remote.AbstractRemoteTestNG.run(AbstractRemoteTestNG.java:114)at org.testng.remote.RemoteTestNG.initAndRun(RemoteTestNG.java:251)at org.testng.remote.RemoteTestNG.main(RemoteTestNG.java:77)]]>
            </full-stacktrace>
          </exception> <!-- org.testng.TestNGException -->
          <reporter-output>
          </reporter-output>
        </test-method> <!-- testCase4 -->
        <test-method status="SKIP" signature="getResult(org.testng.ITestResult)[pri:0, instance:Resources.BasicMavenReport@3aeaafa6]" name="getResult" is-config="true" duration-ms="0" started-at="2019-03-06T20:07:42Z" finished-at="2019-03-06T20:07:42Z">
          <reporter-output>
          </reporter-output>
        </test-method> <!-- getResult -->
        <test-method status="SKIP" signature="testCase5()[pri:0, instance:Resources.BasicMavenReport@3aeaafa6]" name="testCase5" duration-ms="0" started-at="2019-03-06T20:07:42Z" finished-at="2019-03-06T20:07:42Z">
          <exception class="org.testng.TestNGException">
            <message>
              <![CDATA[Parameter 'OS' is required by BeforeTest on method startReport but has not been marked @Optional or definedin C:\Users\hema\AppData\Local\Temp\testng-eclipse--281981194\testng-customsuite.xml]]>
            </message>
            <full-stacktrace>
              <![CDATA[org.testng.TestNGException: Parameter 'OS' is required by BeforeTest on method startReport but has not been marked @Optional or definedin C:\Users\hema\AppData\Local\Temp\testng-eclipse--281981194\testng-customsuite.xmlat org.testng.internal.Parameters.createParams(Parameters.java:290)at org.testng.internal.Parameters.createParametersForMethod(Parameters.java:359)at org.testng.internal.Parameters.createParameters(Parameters.java:620)at org.testng.internal.Parameters.createConfigurationParameters(Parameters.java:190)at org.testng.internal.Invoker.invokeConfigurations(Invoker.java:209)at org.testng.internal.Invoker.invokeConfigurations(Invoker.java:142)at org.testng.TestRunner.beforeRun(TestRunner.java:529)at org.testng.TestRunner.run(TestRunner.java:497)at org.testng.SuiteRunner.runTest(SuiteRunner.java:455)at org.testng.SuiteRunner.runSequentially(SuiteRunner.java:450)at org.testng.SuiteRunner.privateRun(SuiteRunner.java:415)at org.testng.SuiteRunner.run(SuiteRunner.java:364)at org.testng.SuiteRunnerWorker.runSuite(SuiteRunnerWorker.java:52)at org.testng.SuiteRunnerWorker.run(SuiteRunnerWorker.java:84)at org.testng.TestNG.runSuitesSequentially(TestNG.java:1187)at org.testng.TestNG.runSuitesLocally(TestNG.java:1116)at org.testng.TestNG.runSuites(TestNG.java:1028)at org.testng.TestNG.run(TestNG.java:996)at org.testng.remote.AbstractRemoteTestNG.run(AbstractRemoteTestNG.java:114)at org.testng.remote.RemoteTestNG.initAndRun(RemoteTestNG.java:251)at org.testng.remote.RemoteTestNG.main(RemoteTestNG.java:77)]]>
            </full-stacktrace>
          </exception> <!-- org.testng.TestNGException -->
          <reporter-output>
          </reporter-output>
        </test-method> <!-- testCase5 -->
        <test-method status="SKIP" signature="getResult(org.testng.ITestResult)[pri:0, instance:Resources.BasicMavenReport@3aeaafa6]" name="getResult" is-config="true" duration-ms="0" started-at="2019-03-06T20:07:42Z" finished-at="2019-03-06T20:07:42Z">
          <reporter-output>
          </reporter-output>
        </test-method> <!-- getResult -->
        <test-method status="SKIP" signature="tearDown()[pri:0, instance:Resources.BasicMavenReport@3aeaafa6]" name="tearDown" is-config="true" duration-ms="0" started-at="2019-03-06T20:07:42Z" finished-at="2019-03-06T20:07:42Z">
          <reporter-output>
          </reporter-output>
        </test-method> <!-- tearDown -->
      </class> <!-- Resources.BasicMavenReport -->
    </test> <!-- Default test -->
  </suite> <!-- Default suite -->
</testng-results>
